<?xml version="1.0" encoding="UTF-8"?>
<!-- Generated by org.testng.reporters.JUnitReportReporter -->
<testsuite skipped="0" hostname="admin-PC" name="com.rest.ops.runner.EmployeeRunner" tests="4" failures="0" timestamp="24 Apr 2021 16:49:37 GMT" time="0.795" errors="0">
  <testcase name="runScenario" time="0.200" classname="com.rest.ops.runner.EmployeeRunner"/>
  <testcase name="runScenario" time="0.199" classname="com.rest.ops.runner.EmployeeRunner"/>
  <testcase name="runScenario" time="0.198" classname="com.rest.ops.runner.EmployeeRunner"/>
  <testcase name="runScenario" time="0.198" classname="com.rest.ops.runner.EmployeeRunner"/>
</testsuite> <!-- com.rest.ops.runner.EmployeeRunner -->
